23-03-20 21:57:19.606 : 00_RFDN_baseline
23-03-20 21:57:56.570 : 00_RFDN_baseline
23-03-20 21:57:57.921 : 0801.png - PSNR: 29.35 dB
23-03-20 21:57:58.541 : 0802.png - PSNR: 35.08 dB
23-03-20 21:57:59.223 : 0803.png - PSNR: 39.83 dB
23-03-20 21:57:59.846 : 0804.png - PSNR: 27.55 dB
23-03-20 21:58:00.445 : 0805.png - PSNR: 28.54 dB
23-03-20 21:58:01.082 : 0806.png - PSNR: 28.43 dB
23-03-20 21:58:01.842 : 0807.png - PSNR: 20.32 dB
23-03-20 21:58:02.464 : 0808.png - PSNR: 26.78 dB
23-03-20 21:58:03.023 : 0809.png - PSNR: 32.13 dB
23-03-20 21:58:03.677 : 0810.png - PSNR: 26.77 dB
23-03-20 21:58:04.286 : 0811.png - PSNR: 29.04 dB
23-03-20 21:58:04.991 : 0812.png - PSNR: 28.36 dB
23-03-20 21:58:05.596 : 0813.png - PSNR: 31.22 dB
23-03-20 21:58:06.125 : 0814.png - PSNR: 28.54 dB
23-03-20 21:58:06.619 : 0815.png - PSNR: 33.83 dB
23-03-20 21:58:07.281 : 0816.png - PSNR: 31.58 dB
23-03-20 21:58:08.028 : 0817.png - PSNR: 31.99 dB
23-03-20 21:58:08.699 : 0818.png - PSNR: 28.80 dB
23-03-20 21:58:09.477 : 0819.png - PSNR: 27.94 dB
23-03-20 21:58:10.115 : 0820.png - PSNR: 25.18 dB
23-03-20 21:58:11.035 : 0821.png - PSNR: 32.07 dB
23-03-20 21:58:11.769 : 0822.png - PSNR: 30.49 dB
23-03-20 21:58:12.372 : 0823.png - PSNR: 25.99 dB
23-03-20 21:58:12.906 : 0824.png - PSNR: 28.42 dB
23-03-20 21:58:13.576 : 0825.png - PSNR: 27.34 dB
23-03-20 21:58:14.433 : 0826.png - PSNR: 24.30 dB
23-03-20 21:58:15.118 : 0827.png - PSNR: 33.54 dB
23-03-20 21:58:15.679 : 0828.png - PSNR: 27.39 dB
23-03-20 21:58:16.347 : 0829.png - PSNR: 26.58 dB
23-03-20 21:58:16.860 : 0830.png - PSNR: 24.82 dB
23-03-20 21:58:17.381 : 0831.png - PSNR: 30.71 dB
23-03-20 21:58:18.100 : 0832.png - PSNR: 30.55 dB
23-03-20 21:58:18.724 : 0833.png - PSNR: 34.16 dB
23-03-20 21:58:19.379 : 0834.png - PSNR: 25.38 dB
23-03-20 21:58:20.085 : 0835.png - PSNR: 22.87 dB
23-03-20 21:58:20.792 : 0836.png - PSNR: 26.18 dB
23-03-20 21:58:21.375 : 0837.png - PSNR: 26.15 dB
23-03-20 21:58:22.022 : 0838.png - PSNR: 37.64 dB
23-03-20 21:58:22.601 : 0839.png - PSNR: 29.05 dB
23-03-20 21:58:24.063 : 0840.png - PSNR: 28.40 dB
23-03-20 21:58:25.045 : 0841.png - PSNR: 28.12 dB
23-03-20 21:58:25.663 : 0842.png - PSNR: 29.75 dB
23-03-20 21:58:26.139 : 0843.png - PSNR: 41.06 dB
23-03-20 21:58:26.941 : 0844.png - PSNR: 43.09 dB
23-03-20 21:58:27.505 : 0845.png - PSNR: 26.28 dB
23-03-20 21:58:28.214 : 0846.png - PSNR: 27.65 dB
23-03-20 21:58:28.829 : 0847.png - PSNR: 27.76 dB
23-03-20 21:58:29.464 : 0848.png - PSNR: 27.20 dB
23-03-20 21:58:30.078 : 0849.png - PSNR: 22.44 dB
23-03-20 21:58:30.628 : 0850.png - PSNR: 29.02 dB
23-03-20 21:58:31.135 : 0851.png - PSNR: 28.40 dB
23-03-20 21:58:31.619 : 0852.png - PSNR: 29.99 dB
23-03-20 21:58:32.121 : 0853.png - PSNR: 34.18 dB
23-03-20 21:58:32.615 : 0854.png - PSNR: 24.90 dB
23-03-20 21:58:33.371 : 0855.png - PSNR: 29.36 dB
23-03-20 21:58:34.021 : 0856.png - PSNR: 24.34 dB
23-03-20 21:58:34.651 : 0857.png - PSNR: 34.86 dB
23-03-20 21:58:35.267 : 0858.png - PSNR: 28.48 dB
23-03-20 21:58:35.896 : 0859.png - PSNR: 25.41 dB
23-03-20 21:58:36.572 : 0860.png - PSNR: 20.60 dB
23-03-20 21:58:37.225 : 0861.png - PSNR: 23.31 dB
23-03-20 21:58:37.782 : 0862.png - PSNR: 33.09 dB
23-03-20 21:58:38.371 : 0863.png - PSNR: 33.14 dB
23-03-20 21:58:39.025 : 0864.png - PSNR: 29.88 dB
23-03-20 21:58:39.692 : 0865.png - PSNR: 27.26 dB
23-03-20 21:58:40.493 : 0866.png - PSNR: 25.12 dB
23-03-20 21:58:40.994 : 0867.png - PSNR: 28.37 dB
23-03-20 21:58:41.884 : 0868.png - PSNR: 32.58 dB
23-03-20 21:58:42.387 : 0869.png - PSNR: 23.87 dB
23-03-20 21:58:43.021 : 0870.png - PSNR: 28.54 dB
23-03-20 21:58:43.944 : 0871.png - PSNR: 31.93 dB
23-03-20 21:58:44.881 : 0872.png - PSNR: 24.01 dB
23-03-20 21:58:45.446 : 0873.png - PSNR: 24.04 dB
23-03-20 21:58:46.121 : 0874.png - PSNR: 30.03 dB
23-03-20 21:58:46.813 : 0875.png - PSNR: 24.36 dB
23-03-20 21:58:47.584 : 0876.png - PSNR: 22.32 dB
23-03-20 21:58:48.062 : 0877.png - PSNR: 39.88 dB
23-03-20 21:58:48.865 : 0878.png - PSNR: 32.04 dB
23-03-20 21:58:49.649 : 0879.png - PSNR: 27.69 dB
23-03-20 21:58:50.275 : 0880.png - PSNR: 32.05 dB
23-03-20 21:58:50.831 : 0881.png - PSNR: 26.47 dB
23-03-20 21:58:51.487 : 0882.png - PSNR: 34.08 dB
23-03-20 21:58:52.183 : 0883.png - PSNR: 26.32 dB
23-03-20 21:58:52.755 : 0884.png - PSNR: 26.05 dB
23-03-20 21:58:53.353 : 0885.png - PSNR: 23.31 dB
23-03-20 21:58:53.966 : 0886.png - PSNR: 36.14 dB
23-03-20 21:58:54.583 : 0887.png - PSNR: 25.36 dB
23-03-20 21:58:55.165 : 0888.png - PSNR: 30.51 dB
23-03-20 21:58:55.828 : 0889.png - PSNR: 30.70 dB
23-03-20 21:58:56.472 : 0890.png - PSNR: 25.25 dB
23-03-20 21:58:57.287 : 0891.png - PSNR: 27.02 dB
23-03-20 21:58:57.881 : 0892.png - PSNR: 30.65 dB
23-03-20 21:58:58.494 : 0893.png - PSNR: 33.13 dB
23-03-20 21:58:59.136 : 0894.png - PSNR: 31.71 dB
23-03-20 21:58:59.733 : 0895.png - PSNR: 20.44 dB
23-03-20 21:59:00.328 : 0896.png - PSNR: 38.70 dB
23-03-20 21:59:01.202 : 0897.png - PSNR: 22.24 dB
23-03-20 21:59:01.816 : 0898.png - PSNR: 34.25 dB
23-03-20 21:59:02.671 : 0899.png - PSNR: 32.19 dB
23-03-20 21:59:03.267 : 0900.png - PSNR: 28.39 dB
23-03-20 21:59:03.423 :       Max Memery : 495.774 [M]
23-03-20 21:59:03.423 : ------> Average runtime of (valid) is : 19.121094 seconds
23-03-20 21:59:03.432 :     #Activations : 69.8216 [M]
23-03-20 21:59:03.433 :          #Conv2d : 39
23-03-20 21:59:03.439 :            FLOPs : 12.6613 [G]
23-03-20 21:59:03.439 :          #Params : 0.2093 [M]
23-03-20 22:05:12.746 : 01_RFDN_baseline
23-03-20 22:05:13.111 : 0801.png - PSNR: 29.66 dB
23-03-20 22:05:13.545 : 0802.png - PSNR: 35.17 dB
23-03-20 22:05:14.180 : 0803.png - PSNR: 40.08 dB
23-03-20 22:05:14.614 : 0804.png - PSNR: 27.64 dB
23-03-20 22:05:15.088 : 0805.png - PSNR: 28.55 dB
23-03-20 22:05:15.562 : 0806.png - PSNR: 28.56 dB
23-03-20 22:05:15.955 : 0807.png - PSNR: 20.32 dB
23-03-20 22:05:16.394 : 0808.png - PSNR: 26.83 dB
23-03-20 22:05:16.825 : 0809.png - PSNR: 32.16 dB
23-03-20 22:05:17.347 : 0810.png - PSNR: 26.77 dB
23-03-20 22:05:17.798 : 0811.png - PSNR: 29.06 dB
23-03-20 22:05:18.315 : 0812.png - PSNR: 28.32 dB
23-03-20 22:05:18.831 : 0813.png - PSNR: 31.33 dB
23-03-20 22:05:19.267 : 0814.png - PSNR: 28.53 dB
23-03-20 22:05:19.647 : 0815.png - PSNR: 34.03 dB
23-03-20 22:05:20.071 : 0816.png - PSNR: 31.63 dB
23-03-20 22:05:20.579 : 0817.png - PSNR: 32.11 dB
23-03-20 22:05:21.115 : 0818.png - PSNR: 28.94 dB
23-03-20 22:05:21.585 : 0819.png - PSNR: 28.01 dB
23-03-20 22:05:22.044 : 0820.png - PSNR: 25.13 dB
23-03-20 22:05:22.502 : 0821.png - PSNR: 32.07 dB
23-03-20 22:05:23.061 : 0822.png - PSNR: 30.55 dB
23-03-20 22:05:23.517 : 0823.png - PSNR: 26.02 dB
23-03-20 22:05:23.952 : 0824.png - PSNR: 28.45 dB
23-03-20 22:05:24.461 : 0825.png - PSNR: 27.41 dB
23-03-20 22:05:24.990 : 0826.png - PSNR: 24.30 dB
23-03-20 22:05:25.519 : 0827.png - PSNR: 33.63 dB
23-03-20 22:05:25.997 : 0828.png - PSNR: 26.26 dB
23-03-20 22:05:26.445 : 0829.png - PSNR: 26.60 dB
23-03-20 22:05:26.800 : 0830.png - PSNR: 24.79 dB
23-03-20 22:05:27.182 : 0831.png - PSNR: 30.79 dB
23-03-20 22:05:27.697 : 0832.png - PSNR: 30.72 dB
23-03-20 22:05:28.217 : 0833.png - PSNR: 34.16 dB
23-03-20 22:05:28.652 : 0834.png - PSNR: 25.42 dB
23-03-20 22:05:29.187 : 0835.png - PSNR: 22.89 dB
23-03-20 22:05:29.724 : 0836.png - PSNR: 26.21 dB
23-03-20 22:05:30.195 : 0837.png - PSNR: 26.21 dB
23-03-20 22:05:30.659 : 0838.png - PSNR: 37.72 dB
23-03-20 22:05:31.114 : 0839.png - PSNR: 29.06 dB
23-03-20 22:05:31.542 : 0840.png - PSNR: 28.38 dB
23-03-20 22:05:32.034 : 0841.png - PSNR: 28.16 dB
23-03-20 22:05:32.501 : 0842.png - PSNR: 30.00 dB
23-03-20 22:05:32.929 : 0843.png - PSNR: 41.13 dB
23-03-20 22:05:33.302 : 0844.png - PSNR: 43.80 dB
23-03-20 22:05:33.745 : 0845.png - PSNR: 25.84 dB
23-03-20 22:05:34.225 : 0846.png - PSNR: 27.61 dB
23-03-20 22:05:34.659 : 0847.png - PSNR: 27.89 dB
23-03-20 22:05:35.169 : 0848.png - PSNR: 27.23 dB
23-03-20 22:05:35.643 : 0849.png - PSNR: 22.44 dB
23-03-20 22:05:36.140 : 0850.png - PSNR: 29.09 dB
23-03-20 22:05:36.620 : 0851.png - PSNR: 28.44 dB
23-03-20 22:05:37.019 : 0852.png - PSNR: 30.03 dB
23-03-20 22:05:37.427 : 0853.png - PSNR: 34.22 dB
23-03-20 22:05:37.852 : 0854.png - PSNR: 24.96 dB
23-03-20 22:05:38.468 : 0855.png - PSNR: 29.39 dB
23-03-20 22:05:38.978 : 0856.png - PSNR: 24.42 dB
23-03-20 22:05:39.441 : 0857.png - PSNR: 34.91 dB
23-03-20 22:05:39.873 : 0858.png - PSNR: 28.50 dB
23-03-20 22:05:40.339 : 0859.png - PSNR: 25.56 dB
23-03-20 22:05:40.877 : 0860.png - PSNR: 20.63 dB
23-03-20 22:05:41.365 : 0861.png - PSNR: 23.30 dB
23-03-20 22:05:41.826 : 0862.png - PSNR: 33.13 dB
23-03-20 22:05:42.321 : 0863.png - PSNR: 33.18 dB
23-03-20 22:05:42.772 : 0864.png - PSNR: 29.92 dB
23-03-20 22:05:43.300 : 0865.png - PSNR: 27.28 dB
23-03-20 22:05:43.754 : 0866.png - PSNR: 25.17 dB
23-03-20 22:05:44.258 : 0867.png - PSNR: 28.47 dB
23-03-20 22:05:44.703 : 0868.png - PSNR: 32.78 dB
23-03-20 22:05:45.101 : 0869.png - PSNR: 23.85 dB
23-03-20 22:05:45.649 : 0870.png - PSNR: 28.58 dB
23-03-20 22:05:46.126 : 0871.png - PSNR: 32.06 dB
23-03-20 22:05:46.580 : 0872.png - PSNR: 24.05 dB
23-03-20 22:05:47.047 : 0873.png - PSNR: 24.10 dB
23-03-20 22:05:47.532 : 0874.png - PSNR: 30.12 dB
23-03-20 22:05:48.080 : 0875.png - PSNR: 24.38 dB
23-03-20 22:05:48.554 : 0876.png - PSNR: 22.24 dB
23-03-20 22:05:48.975 : 0877.png - PSNR: 40.12 dB
23-03-20 22:05:49.494 : 0878.png - PSNR: 32.10 dB
23-03-20 22:05:50.170 : 0879.png - PSNR: 27.72 dB
23-03-20 22:05:50.672 : 0880.png - PSNR: 32.21 dB
23-03-20 22:05:51.088 : 0881.png - PSNR: 26.32 dB
23-03-20 22:05:51.528 : 0882.png - PSNR: 34.16 dB
23-03-20 22:05:52.035 : 0883.png - PSNR: 26.39 dB
23-03-20 22:05:52.496 : 0884.png - PSNR: 26.08 dB
23-03-20 22:05:52.986 : 0885.png - PSNR: 23.20 dB
23-03-20 22:05:53.441 : 0886.png - PSNR: 36.36 dB
23-03-20 22:05:53.894 : 0887.png - PSNR: 25.38 dB
23-03-20 22:05:54.371 : 0888.png - PSNR: 30.57 dB
23-03-20 22:05:54.862 : 0889.png - PSNR: 30.80 dB
23-03-20 22:05:55.310 : 0890.png - PSNR: 25.28 dB
23-03-20 22:05:55.843 : 0891.png - PSNR: 27.09 dB
23-03-20 22:05:56.325 : 0892.png - PSNR: 30.70 dB
23-03-20 22:05:56.750 : 0893.png - PSNR: 33.20 dB
23-03-20 22:05:57.220 : 0894.png - PSNR: 31.78 dB
23-03-20 22:05:57.675 : 0895.png - PSNR: 20.45 dB
23-03-20 22:05:58.100 : 0896.png - PSNR: 38.99 dB
23-03-20 22:05:58.559 : 0897.png - PSNR: 22.23 dB
23-03-20 22:05:59.030 : 0898.png - PSNR: 34.42 dB
23-03-20 22:05:59.580 : 0899.png - PSNR: 32.06 dB
23-03-20 22:06:00.023 : 0900.png - PSNR: 28.41 dB
23-03-20 22:06:00.168 :       Max Memery : 495.906 [M]
23-03-20 22:06:00.168 : ------> Average runtime of (valid) is : 17.276399 seconds
23-03-20 22:06:00.175 :     #Activations : 72.9673 [M]
23-03-20 22:06:00.175 :          #Conv2d : 39
23-03-20 22:06:00.182 :            FLOPs : 14.9011 [G]
23-03-20 22:06:00.183 :          #Params : 0.2433 [M]
